###############################################################################
#
# IAR ANSI C/C++ Compiler V7.50.1.10123/W32 for ARM       15/Jul/2018  10:36:16
# Copyright 1999-2015 IAR Systems AB.
#
#    Cpu mode     =  thumb
#    Endian       =  little
#    Source file  =  
#        F:\iar\NC210\NC210-200处理板\source\task\app_task_osal_tmr.c
#    Command line =  
#        F:\iar\NC210\NC210-200处理板\source\task\app_task_osal_tmr.c -D
#        USE_STDPERIPH_DRIVER -D APP_RELEASE -lCN
#        F:\iar\NC210\NC210-200处理板\project\app_release\List -o
#        F:\iar\NC210\NC210-200处理板\project\app_release\Obj --no_cse
#        --no_unroll --no_inline --no_code_motion --no_tbaa --no_clustering
#        --no_scheduling --debug --endian=little --cpu=Cortex-M3 -e --fpu=None
#        --dlib_config "C:\Program Files (x86)\IAR Systems\Embedded Workbench
#        7.3\arm\INC\c\DLib_Config_Full.h" -I
#        F:\iar\NC210\NC210-200处理板\project\ -I
#        F:\iar\NC210\NC210-200处理板\project\..\source\config\ -I
#        F:\iar\NC210\NC210-200处理板\project\..\source\task\ -I
#        F:\iar\NC210\NC210-200处理板\project\..\source\user\ -I
#        F:\iar\NC210\NC210-200处理板\project\..\source\Software\OSAL\OS\ -I
#        F:\iar\NC210\NC210-200处理板\project\..\source\Software\OSAL\Ports\ -I
#        F:\iar\NC210\NC210-200处理板\project\..\source\driver\ -I
#        F:\iar\NC210\NC210-200处理板\project\..\source\Software\uC-LIB\ -I
#        F:\iar\NC210\NC210-200处理板\project\..\source\Software\uC-CPU\ -I
#        F:\iar\NC210\NC210-200处理板\project\..\source\Software\uC-CPU\ARM-Cortex-M3\IAR\
#        -I
#        F:\iar\NC210\NC210-200处理板\project\..\source\Software\uCOS-III\Ports\ARM-Cortex-M3\Generic\IAR\
#        -I
#        F:\iar\NC210\NC210-200处理板\project\..\source\Software\uCOS-III\Source\
#        -I
#        F:\iar\NC210\NC210-200处理板\project\..\source\Software\EvalBoards\Micrium\uC-Eval-STM32F107\BSP\IAR\
#        -I
#        F:\iar\NC210\NC210-200处理板\project\..\source\Software\EvalBoards\Micrium\uC-Eval-STM32F107\BSP\ST\STM32\inc\
#        -I
#        F:\iar\NC210\NC210-200处理板\project\..\source\Software\EvalBoards\Micrium\uC-Eval-STM32F107\BSP\OS\uCOS-III\
#        -I
#        F:\iar\NC210\NC210-200处理板\project\..\source\Software\EvalBoards\Micrium\uC-Eval-STM32F107\BSP\
#        -I
#        F:\iar\NC210\NC210-200处理板\project\..\source\Software\uC-MB\Cfg\Template\
#        -I
#        F:\iar\NC210\NC210-200处理板\project\..\source\Software\uC-MB\OS\uCOS-III\
#        -I
#        F:\iar\NC210\NC210-200处理板\project\..\source\Software\uC-MB\Ports\STM32\STM32F103\IAR\
#        -I
#        F:\iar\NC210\NC210-200处理板\project\..\source\Software\uC-MB\Source\
#        -Ol --use_c++_inline -I "C:\Program Files (x86)\IAR Systems\Embedded
#        Workbench 7.3\arm\CMSIS\Include\"
#    List file    =  
#        F:\iar\NC210\NC210-200处理板\project\app_release\List\app_task_osal_tmr.lst
#    Object file  =  
#        F:\iar\NC210\NC210-200处理板\project\app_release\Obj\app_task_osal_tmr.o
#
###############################################################################

F:\iar\NC210\NC210-200处理板\source\task\app_task_osal_tmr.c
      1          /*******************************************************************************
      2          * Description  : osal虚拟时钟，需要精度要求不高的定时服务可在这里处理。
      3          * Author       : 2018/5/11 星期五, by redmorningcn
      4          *******************************************************************************/
      5          
      6          /*******************************************************************************
      7           * INCLUDES
      8           */
      9          #include <includes.h>
     10          
     11          
     12          #ifdef VSC_INCLUDE_SOURCE_FILE_NAMES
     13          const  CPU_CHAR  *app_task_tmr__c = "$Id: $";
     14          #endif
     15          
     16          #define APP_TASK_TMR_EN     DEF_ENABLED
     17          #if APP_TASK_TMR_EN == DEF_ENABLED
     18          
     19          /*******************************************************************************
     20           * CONSTANTS
     21           */
     22          #define CYCLE_SAMPLE_MSEC_TICKS     (OS_CFG_TICK_RATE_HZ / 5)
     23          
     24               
     25          /*******************************************************************************
     26           * MACROS
     27           */
     28          
     29          /*******************************************************************************
     30           * TYPEDEFS
     31           */
     32          
     33          /*******************************************************************************
     34           * LOCAL VARIABLES
     35           */
     36          
     37          
     38          /*******************************************************************************
     39           * GLOBAL VARIABLES
     40           */
     41          
     42          /*******************************************************************************
     43           * LOCAL FUNCTIONS
     44           */
     45          
     46          /*******************************************************************************
     47           * GLOBAL FUNCTIONS
     48           */
     49          
     50          /*******************************************************************************
     51           * EXTERN VARIABLES
     52           */
     53          
     54          /*******************************************************************************/
     55          
     56          /*******************************************************************************
     57          * Description  : 时钟任务处理函数
     58          * Author       : 2018/5/11 星期五, by redmorningcn
     59          *******************************************************************************/

   \                                 In section .text, align 2, keep-with-next
     60          osalEvt  TaskTmrEvtProcess(osalTid task_id, osalEvt task_event)
     61          {
   \                     TaskTmrEvtProcess: (+1)
   \   00000000   0xB510             PUSH     {R4,LR}
   \   00000002   0x000C             MOVS     R4,R1
     62              /***********************************************
     63              * 描述： 本任务看门狗标志置位
     64              */
     65              OSSetWdtFlag(( OS_FLAGS     ) WDT_FLAG_TMR);
   \   00000004   0x2080             MOVS     R0,#+128
   \   00000006   0x.... 0x....      BL       OSSetWdtFlag
     66           
     67              /***************************************************************************
     68              * 描述： 
     69              */
     70              if( task_event & OS_EVT_TMR_MSEC ) {
   \   0000000A   0x0760             LSLS     R0,R4,#+29
   \   0000000C   0xD506             BPL.N    ??TaskTmrEvtProcess_0
     71                   
     72                  App_CommIdle();                         //串口周期处理
   \   0000000E   0x.... 0x....      BL       App_CommIdle
     73                   
     74                  int8 temp =   BSP_RTC_ReadTemp();
   \   00000012   0x.... 0x....      BL       BSP_RTC_ReadTemp
     75                  
     76                  return ( task_event ^ OS_EVT_TMR_MSEC );
   \   00000016   0xF094 0x0004      EORS     R0,R4,#0x4
   \   0000001A   0xE000             B.N      ??TaskTmrEvtProcess_1
     77              }
     78              return 0;
   \                     ??TaskTmrEvtProcess_0: (+1)
   \   0000001C   0x2000             MOVS     R0,#+0
   \                     ??TaskTmrEvtProcess_1: (+1)
   \   0000001E   0xBD10             POP      {R4,PC}          ;; return
     79          }
     80          
     81          /*******************************************************************************
     82          * Description  : 时钟任务初始化
     83          * Author       : 2018/5/11 星期五, by redmorningcn
     84          *******************************************************************************/

   \                                 In section .text, align 2, keep-with-next
     85          void TaskInitTmr(void)
     86          {    
   \                     TaskInitTmr: (+1)
   \   00000000   0xB580             PUSH     {R7,LR}
     87              /***********************************************
     88              * 描述： 在看门狗标志组注册本任务的看门狗标志
     89              */
     90              OSRegWdtFlag(( OS_FLAGS     )WDT_FLAG_TMR );
   \   00000002   0x2080             MOVS     R0,#+128
   \   00000004   0x.... 0x....      BL       OSRegWdtFlag
     91              
     92              /*************************************************
     93              * 描述：启动事件查询
     94              */
     95              osal_start_timerRl( OS_TASK_ID_TMR, OS_EVT_TMR_MSEC,CYCLE_SAMPLE_MSEC_TICKS);  
   \   00000008   0x22C8             MOVS     R2,#+200
   \   0000000A   0x2104             MOVS     R1,#+4
   \   0000000C   0x2002             MOVS     R0,#+2
   \   0000000E   0x.... 0x....      BL       osal_start_timerRl
     96          
     97          }
   \   00000012   0xBD01             POP      {R0,PC}          ;; return
     98          
     99          /*******************************************************************************
    100           * 				                    end of file                                *
    101           *******************************************************************************/
    102          #endif

   Maximum stack usage in bytes:

   .cstack Function
   ------- --------
       8   TaskInitTmr
         8   -> OSRegWdtFlag
         8   -> osal_start_timerRl
       8   TaskTmrEvtProcess
         8   -> App_CommIdle
         8   -> BSP_RTC_ReadTemp
         8   -> OSSetWdtFlag


   Section sizes:

   Bytes  Function/Label
   -----  --------------
      20  TaskInitTmr
      32  TaskTmrEvtProcess

 
 52 bytes in section .text
 
 52 bytes of CODE memory

Errors: none
Warnings: none
