###############################################################################
#
# IAR ANSI C/C++ Compiler V7.50.1.10123/W32 for ARM       11/Jul/2018  11:13:10
# Copyright 1999-2015 IAR Systems AB.
#
#    Cpu mode     =  thumb
#    Endian       =  little
#    Source file  =  
#        F:\iar\NC210\NC210-200处理板\source\Software\uCOS-III\Source\os_var.c
#    Command line =  
#        F:\iar\NC210\NC210-200处理板\source\Software\uCOS-III\Source\os_var.c
#        -D USE_STDPERIPH_DRIVER -D APP_RELEASE -lCN
#        F:\iar\NC210\NC210-200处理板\project\app_release\List -o
#        F:\iar\NC210\NC210-200处理板\project\app_release\Obj --no_cse
#        --no_unroll --no_inline --no_code_motion --no_tbaa --no_clustering
#        --no_scheduling --debug --endian=little --cpu=Cortex-M3 -e --fpu=None
#        --dlib_config "C:\Program Files (x86)\IAR Systems\Embedded Workbench
#        7.3\arm\INC\c\DLib_Config_Full.h" -I
#        F:\iar\NC210\NC210-200处理板\project\ -I
#        F:\iar\NC210\NC210-200处理板\project\..\source\config\ -I
#        F:\iar\NC210\NC210-200处理板\project\..\source\task\ -I
#        F:\iar\NC210\NC210-200处理板\project\..\source\user\ -I
#        F:\iar\NC210\NC210-200处理板\project\..\source\Software\OSAL\OS\ -I
#        F:\iar\NC210\NC210-200处理板\project\..\source\Software\OSAL\Ports\ -I
#        F:\iar\NC210\NC210-200处理板\project\..\source\driver\ -I
#        F:\iar\NC210\NC210-200处理板\project\..\source\Software\uC-LIB\ -I
#        F:\iar\NC210\NC210-200处理板\project\..\source\Software\uC-CPU\ -I
#        F:\iar\NC210\NC210-200处理板\project\..\source\Software\uC-CPU\ARM-Cortex-M3\IAR\
#        -I
#        F:\iar\NC210\NC210-200处理板\project\..\source\Software\uCOS-III\Ports\ARM-Cortex-M3\Generic\IAR\
#        -I
#        F:\iar\NC210\NC210-200处理板\project\..\source\Software\uCOS-III\Source\
#        -I
#        F:\iar\NC210\NC210-200处理板\project\..\source\Software\EvalBoards\Micrium\uC-Eval-STM32F107\BSP\IAR\
#        -I
#        F:\iar\NC210\NC210-200处理板\project\..\source\Software\EvalBoards\Micrium\uC-Eval-STM32F107\BSP\ST\STM32\inc\
#        -I
#        F:\iar\NC210\NC210-200处理板\project\..\source\Software\EvalBoards\Micrium\uC-Eval-STM32F107\BSP\OS\uCOS-III\
#        -I
#        F:\iar\NC210\NC210-200处理板\project\..\source\Software\EvalBoards\Micrium\uC-Eval-STM32F107\BSP\
#        -I
#        F:\iar\NC210\NC210-200处理板\project\..\source\Software\uC-MB\Cfg\Template\
#        -I
#        F:\iar\NC210\NC210-200处理板\project\..\source\Software\uC-MB\OS\uCOS-III\
#        -I
#        F:\iar\NC210\NC210-200处理板\project\..\source\Software\uC-MB\Ports\STM32\STM32F103\IAR\
#        -I
#        F:\iar\NC210\NC210-200处理板\project\..\source\Software\uC-MB\Source\
#        -Ol --use_c++_inline -I "C:\Program Files (x86)\IAR Systems\Embedded
#        Workbench 7.3\arm\CMSIS\Include\"
#    List file    =  
#        F:\iar\NC210\NC210-200处理板\project\app_release\List\os_var.lst
#    Object file  =  
#        F:\iar\NC210\NC210-200处理板\project\app_release\Obj\os_var.o
#
###############################################################################

F:\iar\NC210\NC210-200处理板\source\Software\uCOS-III\Source\os_var.c
      1          /*
      2          ************************************************************************************************************************
      3          *                                                      uC/OS-III
      4          *                                                 The Real-Time Kernel
      5          *
      6          *                                  (c) Copyright 2009-2016; Micrium, Inc.; Weston, FL
      7          *                           All rights reserved.  Protected by international copyright laws.
      8          *
      9          *                                                      VARIABLES
     10          *
     11          * File    : OS_VAR.C
     12          * By      : JJL
     13          * Version : V3.06.00
     14          *
     15          * LICENSING TERMS:
     16          * ---------------
     17          *           uC/OS-III is provided in source form for FREE short-term evaluation, for educational use or
     18          *           for peaceful research.  If you plan or intend to use uC/OS-III in a commercial application/
     19          *           product then, you need to contact Micrium to properly license uC/OS-III for its use in your
     20          *           application/product.   We provide ALL the source code for your convenience and to help you
     21          *           experience uC/OS-III.  The fact that the source is provided does NOT mean that you can use
     22          *           it commercially without paying a licensing fee.
     23          *
     24          *           Knowledge of the source code may NOT be used to develop a similar product.
     25          *
     26          *           Please help us continue to provide the embedded community with the finest software available.
     27          *           Your honesty is greatly appreciated.
     28          *
     29          *           You can find our product's user manual, API reference, release notes and
     30          *           more information at https://doc.micrium.com.
     31          *           You can contact us at www.micrium.com.
     32          ************************************************************************************************************************
     33          */
     34          
     35          #define   OS_GLOBALS
     36          
     37          #define  MICRIUM_SOURCE
     38          #include "os.h"

   \                                 In section .bss, align 4
   \   __absolute OS_APP_HOOK_TCB OS_AppTaskCreateHookPtr
   \                     OS_AppTaskCreateHookPtr:
   \   00000000                      DS8 4

   \                                 In section .bss, align 4
   \   __absolute OS_APP_HOOK_TCB OS_AppTaskDelHookPtr
   \                     OS_AppTaskDelHookPtr:
   \   00000000                      DS8 4

   \                                 In section .bss, align 4
   \   __absolute OS_APP_HOOK_TCB OS_AppTaskReturnHookPtr
   \                     OS_AppTaskReturnHookPtr:
   \   00000000                      DS8 4

   \                                 In section .bss, align 4
   \   __absolute void (*)(void) OS_AppIdleTaskHookPtr
   \                     OS_AppIdleTaskHookPtr:
   \   00000000                      DS8 4

   \                                 In section .bss, align 4
   \   __absolute void (*)(void) OS_AppStatTaskHookPtr
   \                     OS_AppStatTaskHookPtr:
   \   00000000                      DS8 4

   \                                 In section .bss, align 4
   \   __absolute void (*)(void) OS_AppTaskSwHookPtr
   \                     OS_AppTaskSwHookPtr:
   \   00000000                      DS8 4

   \                                 In section .bss, align 4
   \   __absolute void (*)(void) OS_AppTimeTickHookPtr
   \                     OS_AppTimeTickHookPtr:
   \   00000000                      DS8 4

   \                                 In section .bss, align 4
   \   __absolute CPU_INT32U OSIdleTaskCtr
   \                     OSIdleTaskCtr:
   \   00000000                      DS8 4

   \                                 In section .bss, align 4
   \   __absolute OS_TCB OSIdleTaskTCB
   \                     OSIdleTaskTCB:
   \   00000000                      DS8 160

   \                                 In section .bss, align 1
   \   __absolute CPU_INT08U OSIntNestingCtr
   \                     OSIntNestingCtr:
   \   00000000                      DS8 1

   \                                 In section .bss, align 4
   \   __absolute CPU_TS OSIntDisTimeMax
   \                     OSIntDisTimeMax:
   \   00000000                      DS8 4

   \                                 In section .bss, align 1
   \   __absolute OS_STATE OSRunning
   \                     OSRunning:
   \   00000000                      DS8 1

   \                                 In section .bss, align 1
   \   __absolute OS_STATE OSInitialized
   \                     OSInitialized:
   \   00000000                      DS8 1

   \                                 In section .bss, align 4
   \   __absolute OS_FLAG_GRP *OSFlagDbgListPtr
   \                     OSFlagDbgListPtr:
   \   00000000                      DS8 4

   \                                 In section .bss, align 2
   \   __absolute OS_OBJ_QTY OSFlagQty
   \                     OSFlagQty:
   \   00000000                      DS8 2

   \                                 In section .bss, align 4
   \   __absolute OS_MEM *OSMemDbgListPtr
   \                     OSMemDbgListPtr:
   \   00000000                      DS8 4

   \                                 In section .bss, align 2
   \   __absolute OS_OBJ_QTY OSMemQty
   \                     OSMemQty:
   \   00000000                      DS8 2

   \                                 In section .bss, align 4
   \   __absolute OS_MSG_POOL OSMsgPool
   \                     OSMsgPool:
   \   00000000                      DS8 12

   \                                 In section .bss, align 4
   \   __absolute OS_MUTEX *OSMutexDbgListPtr
   \                     OSMutexDbgListPtr:
   \   00000000                      DS8 4

   \                                 In section .bss, align 2
   \   __absolute OS_OBJ_QTY OSMutexQty
   \                     OSMutexQty:
   \   00000000                      DS8 2

   \                                 In section .bss, align 1
   \   __absolute OS_PRIO OSPrioCur
   \                     OSPrioCur:
   \   00000000                      DS8 1

   \                                 In section .bss, align 1
   \   __absolute OS_PRIO OSPrioHighRdy
   \                     OSPrioHighRdy:
   \   00000000                      DS8 1

   \                                 In section .bss, align 4
   \   __absolute OS_Q *OSQDbgListPtr
   \                     OSQDbgListPtr:
   \   00000000                      DS8 4

   \                                 In section .bss, align 2
   \   __absolute OS_OBJ_QTY OSQQty
   \                     OSQQty:
   \   00000000                      DS8 2

   \                                 In section .bss, align 4
   \   __absolute OS_RDY_LIST OSRdyList[64]
   \                     OSRdyList:
   \   00000000                      DS8 768

   \                                 In section .bss, align 1
   \   __absolute CPU_INT08U OSSchedLockNestingCtr
   \                     OSSchedLockNestingCtr:
   \   00000000                      DS8 1

   \                                 In section .bss, align 4
   \   __absolute OS_SEM *OSSemDbgListPtr
   \                     OSSemDbgListPtr:
   \   00000000                      DS8 4

   \                                 In section .bss, align 2
   \   __absolute OS_OBJ_QTY OSSemQty
   \                     OSSemQty:
   \   00000000                      DS8 2

   \                                 In section .bss, align 4
   \   __absolute CPU_INT32U OSTaskCtxSwCtr
   \                     OSTaskCtxSwCtr:
   \   00000000                      DS8 4

   \                                 In section .bss, align 4
   \   __absolute OS_TCB *OSTaskDbgListPtr
   \                     OSTaskDbgListPtr:
   \   00000000                      DS8 4

   \                                 In section .bss, align 2
   \   __absolute OS_OBJ_QTY OSTaskQty
   \                     OSTaskQty:
   \   00000000                      DS8 2

   \                                 In section .bss, align 1
   \   __absolute OS_REG_ID OSTaskRegNextAvailID
   \                     OSTaskRegNextAvailID:
   \   00000000                      DS8 1

   \                                 In section .bss, align 4
   \   __absolute OS_TICK OSTickCtr
   \                     OSTickCtr:
   \   00000000                      DS8 4

   \                                 In section .bss, align 4
   \   __absolute OS_TCB OSTickTaskTCB
   \                     OSTickTaskTCB:
   \   00000000                      DS8 160

   \                                 In section .bss, align 4
   \   __absolute CPU_TS OSTickTaskTimeMax
   \                     OSTickTaskTimeMax:
   \   00000000                      DS8 4

   \                                 In section .bss, align 4
   \   __absolute OS_TICK_LIST OSTickListDly
   \                     OSTickListDly:
   \   00000000                      DS8 8

   \                                 In section .bss, align 4
   \   __absolute OS_TICK_LIST OSTickListTimeout
   \                     OSTickListTimeout:
   \   00000000                      DS8 8

   \                                 In section .bss, align 4
   \   __absolute OS_TCB *OSTCBCurPtr
   \                     OSTCBCurPtr:
   \   00000000                      DS8 4

   \                                 In section .bss, align 4
   \   __absolute OS_TCB *OSTCBHighRdyPtr
   \                     OSTCBHighRdyPtr:
   \   00000000                      DS8 4
     39          
     40          #ifdef VSC_INCLUDE_SOURCE_FILE_NAMES
     41          const  CPU_CHAR  *os_var__c = "$Id: $";
     42          #endif


   Section sizes:

   Bytes  Function/Label
   -----  --------------
       4  OSFlagDbgListPtr
       2  OSFlagQty
       4  OSIdleTaskCtr
     160  OSIdleTaskTCB
       1  OSInitialized
       4  OSIntDisTimeMax
       1  OSIntNestingCtr
       4  OSMemDbgListPtr
       2  OSMemQty
      12  OSMsgPool
       4  OSMutexDbgListPtr
       2  OSMutexQty
       1  OSPrioCur
       1  OSPrioHighRdy
       4  OSQDbgListPtr
       2  OSQQty
     768  OSRdyList
       1  OSRunning
       1  OSSchedLockNestingCtr
       4  OSSemDbgListPtr
       2  OSSemQty
       4  OSTCBCurPtr
       4  OSTCBHighRdyPtr
       4  OSTaskCtxSwCtr
       4  OSTaskDbgListPtr
       2  OSTaskQty
       1  OSTaskRegNextAvailID
       4  OSTickCtr
       8  OSTickListDly
       8  OSTickListTimeout
     160  OSTickTaskTCB
       4  OSTickTaskTimeMax
       4  OS_AppIdleTaskHookPtr
       4  OS_AppStatTaskHookPtr
       4  OS_AppTaskCreateHookPtr
       4  OS_AppTaskDelHookPtr
       4  OS_AppTaskReturnHookPtr
       4  OS_AppTaskSwHookPtr
       4  OS_AppTimeTickHookPtr

 
 1 215 bytes in section .bss
 
 1 215 bytes of DATA memory

Errors: none
Warnings: none
